c:\users\genna\source\repos\3drotate\3drotate\x64\debug\vc143.pdb
c:\users\genna\source\repos\3drotate\3drotate\x64\debug\vc143.idb
c:\users\genna\source\repos\3drotate\3drotate\x64\debug\gamemodels.obj
c:\users\genna\source\repos\3drotate\3drotate\x64\debug\main.obj
c:\users\genna\source\repos\3drotate\3drotate\x64\debug\graphic_engine.obj
c:\users\genna\source\repos\3drotate\3drotate\x64\debug\basical_type.obj
c:\users\genna\source\repos\3drotate\3drotate\x64\debug\game.obj
c:\users\genna\source\repos\3drotate\x64\debug\3drotate.pdb
c:\users\genna\source\repos\3drotate\3drotate\x64\debug\3drotate.tlog\cl.command.1.tlog
c:\users\genna\source\repos\3drotate\3drotate\x64\debug\3drotate.tlog\cl.read.1.tlog
c:\users\genna\source\repos\3drotate\3drotate\x64\debug\3drotate.tlog\cl.write.1.tlog
c:\users\genna\source\repos\3drotate\3drotate\x64\debug\3drotate.tlog\link.22056-cvtres.read.1.tlog
c:\users\genna\source\repos\3drotate\3drotate\x64\debug\3drotate.tlog\link.22056-cvtres.write.1.tlog
c:\users\genna\source\repos\3drotate\3drotate\x64\debug\3drotate.tlog\link.22056-rc.read.1.tlog
c:\users\genna\source\repos\3drotate\3drotate\x64\debug\3drotate.tlog\link.22056-rc.write.1.tlog
c:\users\genna\source\repos\3drotate\3drotate\x64\debug\3drotate.tlog\link.22056.read.1.tlog
c:\users\genna\source\repos\3drotate\3drotate\x64\debug\3drotate.tlog\link.22056.read.2.tlog
c:\users\genna\source\repos\3drotate\3drotate\x64\debug\3drotate.tlog\link.22056.write.1.tlog
c:\users\genna\source\repos\3drotate\3drotate\x64\debug\3drotate.tlog\link.command.1.tlog
c:\users\genna\source\repos\3drotate\3drotate\x64\debug\3drotate.tlog\link.read.1.tlog
c:\users\genna\source\repos\3drotate\3drotate\x64\debug\3drotate.tlog\link.write.1.tlog
